[debug] [2018-06-28T09:09:27.878Z] ----------------------------------------------------------------------
[debug] [2018-06-28T09:09:27.886Z] Command:       C:\Program Files\nodejs\node.exe C:\Users\sh356398\AppData\Roaming\npm\node_modules\firebase-tools\bin\firebase deploy
[debug] [2018-06-28T09:09:27.889Z] CLI Version:   3.19.1
[debug] [2018-06-28T09:09:27.889Z] Platform:      win32
[debug] [2018-06-28T09:09:27.889Z] Node Version:  v6.11.1
[debug] [2018-06-28T09:09:27.907Z] Time:          Thu Jun 28 2018 14:39:27 GMT+0530 (India Standard Time)
[debug] [2018-06-28T09:09:27.908Z] ----------------------------------------------------------------------
[debug] 
[debug] [2018-06-28T09:09:28.466Z] > command requires scopes: ["email","openid","https://www.googleapis.com/auth/cloudplatformprojects.readonly","https://www.googleapis.com/auth/firebase","https://www.googleapis.com/auth/cloud-platform"]
[debug] [2018-06-28T09:09:28.479Z] > authorizing via signed-in user
[debug] [2018-06-28T09:09:28.492Z] > refreshing access token with scopes: ["email","https://www.googleapis.com/auth/cloud-platform","https://www.googleapis.com/auth/cloudplatformprojects.readonly","https://www.googleapis.com/auth/firebase","openid"]
[debug] [2018-06-28T09:09:28.493Z] >>> HTTP REQUEST POST https://www.googleapis.com/oauth2/v3/token  
 { refresh_token: '1/Y7rhN8oMwK9dMt5oqurINTLdrJlklT34n9boNvC2jHzaJNc7Sd1EBCyIhvD1h_U8',
  client_id: '563584335869-fgrhgmd47bqnekij5i8b5pr03ho849e6.apps.googleusercontent.com',
  client_secret: 'j9iVZfS8kkCEFUPaAeJV0sAi',
  grant_type: 'refresh_token',
  scope: 'email https://www.googleapis.com/auth/cloud-platform https://www.googleapis.com/auth/cloudplatformprojects.readonly https://www.googleapis.com/auth/firebase openid' } 
 Thu Jun 28 2018 14:39:28 GMT+0530 (India Standard Time)
[debug] [2018-06-28T09:09:29.298Z] <<< HTTP RESPONSE 200
[debug] [2018-06-28T09:09:29.606Z] >>> HTTP REQUEST GET https://admin.firebase.com/v1/projects/proverbial-will-151206  
  
 Thu Jun 28 2018 14:39:29 GMT+0530 (India Standard Time)
[debug] [2018-06-28T09:09:32.498Z] <<< HTTP RESPONSE 200
[debug] [2018-06-28T09:09:32.499Z] >>> HTTP REQUEST GET https://admin.firebase.com/v1/database/proverbial-will-151206/tokens  
  
 Thu Jun 28 2018 14:39:32 GMT+0530 (India Standard Time)
[debug] [2018-06-28T09:09:34.169Z] <<< HTTP RESPONSE 200
[debug] [2018-06-28T09:26:18.940Z] ----------------------------------------------------------------------
[debug] [2018-06-28T09:26:18.944Z] Command:       C:\Program Files\nodejs\node.exe C:\Users\sh356398\AppData\Roaming\npm\node_modules\firebase-tools\bin\firebase deploy --only functions
[debug] [2018-06-28T09:26:18.945Z] CLI Version:   3.19.1
[debug] [2018-06-28T09:26:18.945Z] Platform:      win32
[debug] [2018-06-28T09:26:18.945Z] Node Version:  v6.11.1
[debug] [2018-06-28T09:26:18.961Z] Time:          Thu Jun 28 2018 14:56:18 GMT+0530 (India Standard Time)
[debug] [2018-06-28T09:26:18.961Z] ----------------------------------------------------------------------
[debug] 
[debug] [2018-06-28T09:26:19.240Z] > command requires scopes: ["email","openid","https://www.googleapis.com/auth/cloudplatformprojects.readonly","https://www.googleapis.com/auth/firebase","https://www.googleapis.com/auth/cloud-platform"]
[debug] [2018-06-28T09:26:19.246Z] > authorizing via signed-in user
[debug] [2018-06-28T09:26:19.254Z] >>> HTTP REQUEST GET https://admin.firebase.com/v1/projects/proverbial-will-151206  
  
 Thu Jun 28 2018 14:56:19 GMT+0530 (India Standard Time)
[debug] [2018-06-28T09:26:19.358Z] Error: getaddrinfo ENOTFOUND admin.firebase.com admin.firebase.com:443
    at errnoException (dns.js:28:10)
    at GetAddrInfoReqWrap.onlookup [as oncomplete] (dns.js:76:26)
[error] 
[error] Error: Server Error. getaddrinfo ENOTFOUND admin.firebase.com admin.firebase.com:443
[debug] [2018-06-28T10:13:22.879Z] ----------------------------------------------------------------------
[debug] [2018-06-28T10:13:22.882Z] Command:       C:\Program Files\nodejs\node.exe C:\Users\sh356398\AppData\Roaming\npm\node_modules\firebase-tools\bin\firebase deploy
[debug] [2018-06-28T10:13:22.882Z] CLI Version:   3.19.1
[debug] [2018-06-28T10:13:22.882Z] Platform:      win32
[debug] [2018-06-28T10:13:22.883Z] Node Version:  v6.11.1
[debug] [2018-06-28T10:13:22.891Z] Time:          Thu Jun 28 2018 15:43:22 GMT+0530 (India Standard Time)
[debug] [2018-06-28T10:13:22.891Z] ----------------------------------------------------------------------
[debug] 
[debug] [2018-06-28T10:13:23.100Z] > command requires scopes: ["email","openid","https://www.googleapis.com/auth/cloudplatformprojects.readonly","https://www.googleapis.com/auth/firebase","https://www.googleapis.com/auth/cloud-platform"]
[debug] [2018-06-28T10:13:23.104Z] > authorizing via signed-in user
[debug] [2018-06-28T10:13:23.110Z] > refreshing access token with scopes: ["email","https://www.googleapis.com/auth/cloud-platform","https://www.googleapis.com/auth/cloudplatformprojects.readonly","https://www.googleapis.com/auth/firebase","openid"]
[debug] [2018-06-28T10:13:23.111Z] >>> HTTP REQUEST POST https://www.googleapis.com/oauth2/v3/token  
 { refresh_token: '1/Y7rhN8oMwK9dMt5oqurINTLdrJlklT34n9boNvC2jHzaJNc7Sd1EBCyIhvD1h_U8',
  client_id: '563584335869-fgrhgmd47bqnekij5i8b5pr03ho849e6.apps.googleusercontent.com',
  client_secret: 'j9iVZfS8kkCEFUPaAeJV0sAi',
  grant_type: 'refresh_token',
  scope: 'email https://www.googleapis.com/auth/cloud-platform https://www.googleapis.com/auth/cloudplatformprojects.readonly https://www.googleapis.com/auth/firebase openid' } 
 Thu Jun 28 2018 15:43:23 GMT+0530 (India Standard Time)
[debug] [2018-06-28T10:13:23.687Z] <<< HTTP RESPONSE 200
[debug] [2018-06-28T10:13:23.749Z] >>> HTTP REQUEST GET https://admin.firebase.com/v1/projects/proverbial-will-151206  
  
 Thu Jun 28 2018 15:43:23 GMT+0530 (India Standard Time)
[debug] [2018-06-28T10:13:26.269Z] <<< HTTP RESPONSE 200
[debug] [2018-06-28T10:13:26.271Z] >>> HTTP REQUEST GET https://admin.firebase.com/v1/database/proverbial-will-151206/tokens  
  
 Thu Jun 28 2018 15:43:26 GMT+0530 (India Standard Time)
[debug] [2018-06-28T10:13:27.889Z] <<< HTTP RESPONSE 200
